SF:lib\app\dashboard\views\components\custom_info_window.dart
DA:22,1
DA:23,1
DA:24,1
DA:25,1
DA:26,1
DA:27,1
DA:47,1
DA:53,1
DA:54,1
DA:55,2
DA:56,1
DA:57,2
DA:58,1
DA:59,2
DA:61,1
DA:62,1
DA:72,1
DA:74,1
DA:75,4
DA:76,4
DA:77,4
DA:78,4
DA:82,0
DA:83,0
DA:84,0
DA:85,0
DA:88,0
DA:89,0
DA:90,0
DA:92,0
DA:93,0
DA:96,0
DA:97,0
DA:98,0
DA:99,0
DA:100,0
DA:101,0
DA:102,0
DA:104,0
DA:108,0
DA:109,0
DA:111,0
DA:112,0
DA:116,0
DA:117,0
DA:118,0
DA:119,0
DA:120,0
DA:124,0
DA:125,0
DA:126,0
DA:130,0
DA:131,0
DA:132,0
DA:137,0
DA:138,0
DA:141,1
DA:143,1
DA:144,1
DA:145,1
DA:146,1
DA:147,2
DA:148,0
DA:149,0
DA:150,0
DA:153,1
DA:154,1
DA:155,2
DA:156,2
LF:69
LH:32
end_of_record
SF:lib\app\dashboard\views\screens\air_screen.dart
DA:13,1
DA:15,0
DA:17,0
DA:22,0
DA:23,0
DA:41,0
DA:43,0
DA:44,0
DA:47,0
DA:49,0
DA:50,0
DA:51,0
DA:54,0
DA:55,0
DA:56,0
DA:60,0
DA:61,0
DA:62,0
DA:64,0
DA:67,0
DA:68,0
DA:70,0
DA:71,0
DA:72,0
DA:74,0
DA:76,0
DA:77,0
DA:78,0
DA:80,0
DA:82,0
DA:83,0
DA:84,0
DA:86,0
DA:88,0
DA:89,0
DA:90,0
DA:92,0
DA:94,0
DA:95,0
DA:96,0
DA:98,0
DA:100,0
DA:101,0
DA:102,0
DA:106,0
DA:107,0
DA:108,0
DA:109,0
DA:112,0
DA:115,0
DA:116,0
DA:119,0
DA:121,0
DA:124,0
DA:125,0
DA:126,0
DA:129,0
DA:130,0
DA:131,0
DA:132,0
DA:138,0
DA:140,0
DA:141,0
DA:146,0
DA:147,0
DA:150,0
DA:151,0
DA:152,0
DA:153,0
DA:161,0
DA:164,0
DA:165,0
DA:167,0
DA:169,0
DA:171,0
DA:173,0
DA:180,0
DA:182,0
DA:183,0
DA:184,0
DA:186,0
DA:187,0
DA:188,0
DA:190,0
DA:191,0
DA:192,0
DA:193,0
DA:194,0
DA:195,0
DA:199,0
DA:200,0
DA:201,0
DA:205,0
DA:206,0
DA:207,0
DA:208,0
DA:210,0
DA:214,0
DA:217,0
DA:219,0
DA:221,0
DA:222,0
DA:223,0
DA:224,0
DA:225,0
DA:227,0
DA:228,0
DA:230,0
DA:231,0
DA:234,0
DA:235,0
DA:236,0
DA:237,0
DA:240,0
DA:241,0
DA:242,0
DA:248,0
DA:251,0
DA:252,0
DA:253,0
DA:254,0
DA:255,0
DA:263,0
DA:265,0
DA:266,0
DA:267,0
DA:268,0
DA:269,0
DA:270,0
DA:271,0
DA:272,0
DA:273,0
DA:274,0
DA:277,0
DA:279,0
LF:135
LH:1
end_of_record
SF:lib\app\constants\app_constants.dart
DA:8,0
DA:9,0
DA:11,0
DA:12,0
DA:22,0
DA:23,0
DA:25,0
DA:26,0
DA:28,0
DA:29,0
DA:31,0
DA:34,0
DA:35,0
DA:40,0
LF:14
LH:0
end_of_record
SF:lib\app\dashboard\models\air_index_model.dart
DA:2,1
DA:38,0
DA:39,0
DA:40,0
DA:41,0
DA:42,0
DA:43,0
DA:44,0
DA:45,0
DA:46,0
DA:47,0
DA:50,2
DA:51,1
DA:52,1
DA:53,1
DA:54,1
DA:55,1
DA:56,1
DA:57,1
DA:58,1
DA:59,2
DA:60,1
DA:61,1
DA:62,1
DA:63,1
DA:64,2
DA:65,2
DA:68,0
DA:69,0
DA:70,0
DA:71,0
DA:72,0
DA:73,0
DA:74,0
DA:75,0
DA:76,0
DA:77,0
DA:78,0
DA:79,0
DA:80,0
DA:81,0
DA:82,0
DA:83,0
DA:84,0
LF:44
LH:17
end_of_record
SF:lib\app\dashboard\models\air_station_model.dart
DA:2,0
DA:16,0
DA:17,0
DA:18,0
DA:19,0
DA:20,0
DA:21,0
DA:24,0
DA:25,0
DA:26,0
DA:27,0
DA:28,0
DA:29,0
LF:13
LH:0
end_of_record
SF:lib\app\dashboard\models\login_model.dart
DA:7,0
DA:8,0
DA:10,1
DA:11,2
DA:13,3
DA:16,1
DA:38,2
DA:39,1
DA:40,1
DA:41,1
DA:42,1
DA:43,1
DA:44,1
DA:45,1
DA:46,1
DA:47,1
DA:50,2
DA:51,1
DA:52,1
DA:53,1
DA:54,1
DA:55,1
DA:56,1
DA:57,1
DA:58,1
DA:59,1
LF:26
LH:24
end_of_record
SF:lib\app\dashboard\views\components\page_scaffold.dart
DA:4,1
DA:10,1
DA:16,1
DA:19,1
DA:21,1
DA:22,1
DA:23,1
DA:26,0
DA:30,0
DA:33,2
DA:34,1
DA:37,3
DA:39,1
DA:40,1
LF:14
LH:12
end_of_record
SF:lib\app\dashboard\views\components\text_card.dart
DA:11,0
DA:21,0
DA:23,0
DA:24,0
DA:25,0
DA:26,0
DA:27,0
DA:29,0
DA:30,0
DA:31,0
DA:33,0
DA:34,0
DA:35,0
DA:36,0
DA:39,0
DA:40,0
DA:41,0
DA:42,0
DA:44,0
DA:45,0
DA:46,0
DA:48,0
DA:49,0
LF:23
LH:0
end_of_record
SF:lib\app\services\air_services.dart
DA:8,3
DA:10,1
DA:11,2
DA:12,2
DA:14,1
DA:17,1
DA:21,1
DA:22,1
DA:25,2
DA:27,0
DA:28,0
DA:31,0
DA:33,0
DA:35,0
DA:36,0
DA:38,0
DA:41,0
DA:43,0
DA:44,0
DA:45,0
DA:52,1
DA:55,2
DA:57,0
DA:59,2
DA:62,3
DA:64,0
LF:26
LH:13
end_of_record
SF:lib\app\network\dio_interceptor.dart
DA:4,1
DA:7,1
DA:8,0
DA:9,0
DA:10,0
DA:11,0
DA:12,0
DA:15,0
DA:18,0
DA:19,0
DA:22,0
DA:25,0
DA:26,0
DA:30,1
DA:31,1
DA:32,1
DA:36,0
DA:37,0
DA:38,0
DA:39,0
DA:40,0
DA:41,0
DA:42,0
LF:23
LH:5
end_of_record
SF:lib\app\network\dio_client.dart
DA:13,2
DA:14,8
DA:17,4
LF:3
LH:3
end_of_record
SF:lib\app\services\local_storage_services.dart
DA:6,6
DA:7,3
DA:9,3
DA:10,6
DA:11,3
DA:14,3
DA:18,6
DA:20,3
DA:21,3
DA:24,2
DA:25,4
DA:28,3
DA:29,6
DA:33,1
DA:34,2
DA:37,1
DA:38,2
LF:17
LH:17
end_of_record
SF:lib\app\dashboard\views\screens\bike_screen.dart
DA:10,1
DA:12,1
DA:14,1
DA:19,1
DA:20,1
DA:34,1
DA:36,1
DA:37,1
DA:40,1
DA:42,2
DA:43,1
DA:46,1
DA:48,1
DA:49,1
DA:52,1
DA:53,1
DA:55,4
DA:56,1
DA:60,1
DA:61,3
DA:62,0
DA:64,0
DA:67,0
DA:68,0
DA:69,0
DA:70,0
DA:71,0
DA:72,0
DA:73,0
DA:74,0
DA:75,0
DA:78,0
DA:81,0
DA:82,0
DA:85,0
DA:87,0
DA:90,0
DA:91,0
DA:92,0
DA:94,0
DA:97,0
DA:98,0
DA:99,0
DA:103,0
DA:104,0
DA:108,0
DA:113,0
DA:114,0
DA:115,0
DA:116,0
DA:117,0
DA:118,0
DA:134,0
DA:135,0
DA:136,0
DA:137,0
DA:152,0
DA:153,0
DA:154,0
DA:155,0
DA:168,0
DA:174,1
DA:176,1
DA:178,1
DA:179,1
DA:180,1
DA:181,0
DA:182,0
DA:184,0
DA:185,0
DA:187,0
DA:188,0
DA:191,1
DA:192,1
DA:193,1
DA:194,1
DA:197,1
DA:198,0
DA:199,1
LF:79
LH:31
end_of_record
SF:lib\app\dashboard\models\bike_station_model.dart
DA:7,0
DA:8,0
DA:10,0
DA:11,0
DA:14,0
DA:48,1
DA:49,0
DA:50,1
DA:51,0
DA:52,0
DA:53,0
DA:54,0
DA:55,0
DA:56,0
DA:57,0
DA:58,0
DA:59,0
DA:60,0
DA:61,0
DA:62,0
DA:63,0
DA:64,0
DA:67,0
DA:68,0
DA:69,0
DA:70,0
DA:71,0
DA:72,0
DA:73,0
DA:74,0
DA:75,0
DA:76,0
DA:77,0
DA:78,0
DA:79,0
DA:80,0
DA:81,0
DA:82,0
DA:87,0
DA:95,0
DA:96,0
DA:97,0
DA:100,0
DA:101,0
DA:102,0
DA:107,0
DA:123,0
DA:124,0
DA:125,0
DA:126,0
DA:127,0
DA:128,0
DA:130,0
DA:133,0
DA:134,0
DA:135,0
DA:136,0
DA:137,0
DA:138,0
DA:139,0
DA:144,0
DA:152,0
DA:153,0
DA:154,0
DA:157,0
DA:158,0
DA:159,0
LF:67
LH:2
end_of_record
SF:lib\app\dashboard\models\error_model.dart
DA:7,0
DA:8,0
DA:10,0
DA:11,0
DA:13,0
DA:16,1
DA:24,2
DA:25,1
DA:26,1
DA:29,0
DA:30,0
DA:31,0
LF:12
LH:4
end_of_record
SF:lib\app\dashboard\models\profile_model.dart
DA:9,1
LF:1
LH:1
end_of_record
SF:lib\app\dashboard\models\roles_model.dart
DA:7,0
DA:8,0
DA:10,0
DA:11,0
DA:13,0
DA:15,0
DA:16,0
DA:18,1
DA:19,2
DA:21,0
DA:24,0
DA:34,0
DA:35,0
DA:36,0
DA:37,0
DA:38,0
DA:41,0
DA:42,0
DA:43,0
DA:44,0
DA:49,1
DA:59,2
DA:60,1
DA:61,1
DA:62,4
DA:65,0
DA:66,0
DA:67,0
DA:68,0
LF:29
LH:7
end_of_record
SF:lib\app\dashboard\models\user.dart
DA:9,1
DA:16,1
DA:17,1
DA:18,1
DA:19,1
DA:20,1
DA:21,1
DA:22,1
LF:8
LH:8
end_of_record
SF:lib\app\services\bike_services.dart
DA:9,6
DA:10,0
DA:12,2
DA:13,4
DA:14,4
DA:16,2
DA:19,2
DA:21,2
DA:22,4
DA:25,4
DA:28,2
DA:29,2
DA:30,2
DA:34,4
DA:35,3
DA:36,1
DA:39,1
DA:40,0
DA:42,3
LF:19
LH:17
end_of_record
SF:lib\app\services\user_services.dart
DA:13,3
DA:18,3
DA:20,1
DA:21,2
DA:22,1
DA:25,1
DA:29,1
DA:30,1
DA:33,1
DA:34,1
DA:35,1
DA:39,1
DA:40,1
DA:42,3
DA:43,1
DA:45,2
DA:46,2
DA:47,3
DA:48,0
DA:49,0
DA:56,1
DA:57,1
DA:59,3
DA:62,2
DA:63,2
DA:64,3
DA:65,0
DA:66,0
DA:67,0
DA:68,0
DA:71,0
DA:72,0
DA:75,0
DA:76,0
DA:77,0
DA:79,0
DA:82,1
DA:83,1
DA:84,0
DA:85,0
DA:86,0
DA:87,0
DA:88,0
DA:91,2
DA:92,1
DA:97,0
DA:98,0
DA:99,0
DA:100,0
DA:101,0
DA:103,0
DA:104,0
DA:106,0
DA:110,1
DA:111,1
DA:112,1
DA:114,2
DA:115,1
DA:116,0
DA:117,1
DA:118,0
DA:120,3
DA:126,1
DA:127,2
DA:128,1
DA:132,1
DA:133,2
DA:134,2
DA:136,1
DA:137,1
DA:139,3
DA:140,1
DA:141,1
DA:143,3
DA:145,1
DA:153,1
DA:154,2
DA:155,1
DA:160,0
DA:161,0
DA:165,0
DA:166,0
DA:167,0
DA:168,0
DA:169,0
DA:170,0
DA:171,0
LF:87
LH:51
end_of_record
SF:lib\app\dashboard\views\screens\bus_screen.dart
DA:17,1
DA:19,1
DA:20,1
DA:23,0
DA:24,0
DA:43,1
DA:44,1
DA:45,1
DA:50,0
DA:51,0
DA:71,0
DA:74,1
DA:76,1
DA:77,1
DA:82,0
DA:83,0
DA:84,0
DA:86,0
DA:92,1
DA:93,1
DA:95,4
DA:96,1
DA:101,0
DA:102,0
DA:106,0
DA:107,0
DA:110,0
DA:111,0
DA:112,0
DA:114,0
DA:118,0
DA:124,0
DA:125,0
DA:126,0
DA:127,0
DA:145,1
DA:147,1
DA:149,1
DA:150,1
DA:151,1
DA:152,0
DA:156,0
DA:160,0
DA:162,0
DA:164,0
DA:166,0
DA:167,0
DA:168,0
DA:169,0
DA:171,0
DA:172,0
DA:173,0
DA:176,0
DA:182,0
DA:187,0
DA:193,0
DA:195,0
DA:197,0
DA:198,0
DA:200,0
DA:201,0
DA:203,0
DA:204,0
DA:216,0
DA:218,0
DA:220,0
DA:224,0
DA:226,0
DA:230,0
DA:232,0
DA:233,0
DA:236,0
DA:240,0
DA:242,0
DA:244,0
DA:253,0
DA:254,0
DA:257,0
DA:258,0
DA:259,0
DA:260,0
DA:261,0
DA:262,0
DA:263,0
DA:267,0
DA:268,0
DA:269,0
DA:270,0
DA:273,0
DA:274,0
DA:275,0
LF:91
LH:18
end_of_record
SF:lib\app\dashboard\models\bus_model.dart
DA:7,0
DA:9,0
DA:12,1
DA:24,2
DA:25,1
DA:26,2
DA:27,2
DA:28,1
DA:31,0
DA:32,0
DA:33,0
DA:34,0
DA:35,0
LF:13
LH:6
end_of_record
SF:lib\app\dashboard\models\bus_route_model.dart
DA:7,0
DA:8,0
DA:10,0
DA:13,0
DA:21,0
DA:22,0
DA:23,0
DA:24,0
DA:27,0
DA:28,0
DA:29,0
DA:34,0
DA:44,0
DA:45,0
DA:46,0
DA:47,0
DA:50,0
DA:52,0
DA:53,0
DA:54,0
DA:55,0
DA:60,0
DA:68,0
DA:69,0
DA:70,0
DA:71,0
DA:74,0
DA:75,0
DA:76,0
DA:77,0
DA:82,0
DA:98,0
DA:99,0
DA:100,0
DA:101,0
DA:102,0
DA:103,0
DA:104,0
DA:107,0
DA:108,0
DA:109,0
DA:110,0
DA:111,0
DA:112,0
DA:113,0
LF:45
LH:0
end_of_record
SF:lib\google_maps_flutter_geojson.dart
DA:11,0
DA:12,0
DA:22,0
DA:28,0
DA:29,0
DA:31,0
DA:32,0
DA:33,0
DA:34,0
DA:36,0
DA:37,0
DA:38,0
DA:39,0
DA:41,0
DA:42,0
DA:43,0
DA:44,0
DA:46,0
DA:49,0
DA:50,0
DA:51,0
DA:52,0
DA:53,0
DA:54,0
DA:55,0
DA:56,0
DA:60,0
DA:61,0
DA:62,0
DA:63,0
DA:64,0
DA:65,0
DA:67,0
DA:71,0
DA:72,0
DA:73,0
DA:74,0
DA:75,0
LF:38
LH:0
end_of_record
SF:lib\app\services\bus_services.dart
DA:10,6
DA:12,0
DA:15,2
DA:16,4
DA:17,4
DA:19,2
DA:21,2
DA:23,2
DA:24,4
DA:27,2
DA:35,1
DA:36,1
DA:38,2
DA:39,2
DA:41,3
DA:42,2
DA:43,1
DA:44,2
LF:18
LH:17
end_of_record
SF:lib\utils\hex_color.dart
DA:4,0
DA:5,0
DA:6,0
DA:7,0
DA:9,0
DA:12,0
LF:6
LH:0
end_of_record
SF:lib\models\geojson.dart
DA:8,0
DA:10,0
DA:11,0
LF:3
LH:0
end_of_record
SF:lib\models\geojson.g.dart
DA:9,0
DA:10,0
DA:11,0
DA:12,0
LF:4
LH:0
end_of_record
SF:lib\models\feature.dart
DA:18,0
DA:20,0
DA:21,0
LF:3
LH:0
end_of_record
SF:lib\models\feature.g.dart
DA:9,0
DA:10,0
DA:11,0
DA:12,0
LF:4
LH:0
end_of_record
SF:lib\models\geometry.dart
DA:9,0
DA:11,0
DA:12,0
DA:13,0
DA:16,0
DA:17,0
DA:18,0
DA:19,0
DA:20,0
DA:21,0
DA:23,0
LF:11
LH:0
end_of_record
SF:lib\models\properties.dart
DA:19,0
DA:22,0
DA:23,0
LF:3
LH:0
end_of_record
SF:lib\models\properties.g.dart
DA:9,0
DA:10,0
DA:11,0
DA:12,0
DA:13,0
DA:14,0
DA:15,0
LF:7
LH:0
end_of_record
SF:lib\models\line_string.dart
DA:8,0
DA:10,0
DA:11,0
LF:3
LH:0
end_of_record
SF:lib\models\line_string.g.dart
DA:9,0
DA:10,0
DA:11,0
DA:12,0
DA:13,0
DA:14,0
LF:6
LH:0
end_of_record
SF:lib\models\point.dart
DA:8,0
DA:10,0
LF:2
LH:0
end_of_record
SF:lib\models\point.g.dart
DA:9,0
DA:10,0
DA:11,0
DA:12,0
DA:13,0
LF:5
LH:0
end_of_record
SF:lib\models\polygon.dart
DA:8,0
DA:10,0
DA:11,0
LF:3
LH:0
end_of_record
SF:lib\models\polygon.g.dart
DA:9,0
DA:10,0
DA:11,0
DA:12,0
DA:13,0
DA:14,0
DA:15,0
DA:16,0
DA:17,0
LF:9
LH:0
end_of_record
SF:lib\app\services\noise_services.dart
DA:8,3
DA:9,0
DA:12,1
DA:13,2
DA:14,2
DA:16,1
DA:18,1
DA:20,1
DA:21,1
DA:24,2
DA:26,1
DA:27,1
DA:28,2
DA:29,2
DA:30,1
DA:31,1
LF:16
LH:15
end_of_record
SF:lib\app\dashboard\models\noise_model.dart
DA:7,0
DA:8,0
DA:10,0
DA:11,0
DA:13,0
DA:16,1
DA:26,2
DA:27,1
DA:28,1
DA:29,2
DA:32,0
DA:33,0
DA:34,0
DA:35,0
DA:40,1
DA:46,2
DA:47,1
DA:48,4
DA:51,0
DA:52,0
DA:57,1
DA:79,2
DA:80,1
DA:81,1
DA:82,2
DA:83,2
DA:84,2
DA:85,1
DA:86,2
DA:87,2
DA:88,2
DA:91,0
DA:92,0
DA:93,0
DA:94,0
DA:95,0
DA:96,0
DA:97,0
DA:98,0
DA:99,0
DA:100,0
DA:102,0
DA:103,0
DA:104,0
DA:105,0
DA:106,0
DA:107,0
DA:108,0
LF:48
LH:20
end_of_record
